2025-05-21 12:26:25,890 [Worker-1: Loading available Gradle versions] INFO  o.e.b.c.i.u.g.PublishedGradleVersions - Gradle version information cache is out-of-date. Trying to update.
2025-05-21 12:31:06,984 [Worker-5: Importing Maven projects] INFO  o.e.m.c.i.l.LifecycleMappingFactory - Using org.eclipse.m2e.jdt.JarLifecycleMapping lifecycle mapping for MavenProject: Selenium1:AmazonTest:0.0.1-SNAPSHOT @ C:\Users\AnusreePT\eclipse-workspace\AmazonTest\pom.xml.
2025-05-21 12:31:10,665 [Worker-5: Importing Maven projects] INFO  o.e.m.j.i.AbstractJavaProjectConfigurator - Adding source folder /AmazonTest/src/main/java
2025-05-21 12:31:10,667 [Worker-5: Importing Maven projects] INFO  o.e.m.j.i.AbstractJavaProjectConfigurator - Adding resource folder /AmazonTest/src/main/resources
2025-05-21 12:31:10,682 [Worker-5: Importing Maven projects] INFO  o.e.m.j.i.AbstractJavaProjectConfigurator - Adding source folder /AmazonTest/src/test/java
2025-05-21 12:31:10,684 [Worker-5: Importing Maven projects] INFO  o.e.m.j.i.AbstractJavaProjectConfigurator - Adding resource folder /AmazonTest/src/test/resources
2025-05-21 12:31:10,877 [Worker-5: Importing Maven projects] INFO  o.e.m.c.i.p.ProjectConfigurationManager - Imported and configured 1 project(s) in 10 sec
2025-05-21 12:31:14,218 [Worker-24: Building] INFO  o.e.m.c.i.embedder.EclipseLogger - Using 'UTF-8' encoding to copy filtered resources.
2025-05-21 12:31:14,270 [Worker-24: Building] INFO  o.e.m.c.i.embedder.EclipseLogger - Copying 0 resource
2025-05-21 12:31:14,275 [Worker-24: Building] INFO  o.e.m.c.i.embedder.EclipseLogger - Using 'UTF-8' encoding to copy filtered resources.
2025-05-21 12:31:14,275 [Worker-24: Building] INFO  o.e.m.c.i.embedder.EclipseLogger - Copying 0 resource
2025-05-21 12:34:08,642 [Worker-19: Launching mavenrun-1eef0255-d860-4164-852d-6c5cd85ab1cc] INFO  o.eclipse.m2e.core.internal.Bundles - getClasspathEntries(Bundle=org.eclipse.m2e.maven.runtime_3.9.600.20231203-1234 [300])
2025-05-21 12:34:08,644 [Worker-19: Launching mavenrun-1eef0255-d860-4164-852d-6c5cd85ab1cc] INFO  o.eclipse.m2e.core.internal.Bundles - 	Entry: C:\Users\AnusreePT\Downloads\eclipse-java-2024-03-R-win32-x86_64\eclipse\plugins\org.eclipse.m2e.maven.runtime_3.9.600.20231203-1234
2025-05-21 12:34:08,644 [Worker-19: Launching mavenrun-1eef0255-d860-4164-852d-6c5cd85ab1cc] INFO  o.eclipse.m2e.core.internal.Bundles - 	Entry: C:\Users\AnusreePT\Downloads\eclipse-java-2024-03-R-win32-x86_64\eclipse\plugins\org.eclipse.m2e.maven.runtime_3.9.600.20231203-1234\jars\aopalliance-1.0.jar
2025-05-21 12:34:08,645 [Worker-19: Launching mavenrun-1eef0255-d860-4164-852d-6c5cd85ab1cc] INFO  o.eclipse.m2e.core.internal.Bundles - 	Entry: C:\Users\AnusreePT\Downloads\eclipse-java-2024-03-R-win32-x86_64\eclipse\plugins\org.eclipse.m2e.maven.runtime_3.9.600.20231203-1234\jars\guice-5.1.0.jar
2025-05-21 12:34:08,645 [Worker-19: Launching mavenrun-1eef0255-d860-4164-852d-6c5cd85ab1cc] INFO  o.eclipse.m2e.core.internal.Bundles - 	Entry: C:\Users\AnusreePT\Downloads\eclipse-java-2024-03-R-win32-x86_64\eclipse\plugins\org.eclipse.m2e.maven.runtime_3.9.600.20231203-1234\jars\httpclient-4.5.14.jar
2025-05-21 12:34:08,646 [Worker-19: Launching mavenrun-1eef0255-d860-4164-852d-6c5cd85ab1cc] INFO  o.eclipse.m2e.core.internal.Bundles - 	Entry: C:\Users\AnusreePT\Downloads\eclipse-java-2024-03-R-win32-x86_64\eclipse\plugins\org.eclipse.m2e.maven.runtime_3.9.600.20231203-1234\jars\httpcore-4.4.16.jar
2025-05-21 12:34:08,646 [Worker-19: Launching mavenrun-1eef0255-d860-4164-852d-6c5cd85ab1cc] INFO  o.eclipse.m2e.core.internal.Bundles - 	Entry: C:\Users\AnusreePT\Downloads\eclipse-java-2024-03-R-win32-x86_64\eclipse\plugins\org.eclipse.m2e.maven.runtime_3.9.600.20231203-1234\jars\jansi-2.4.0.jar
2025-05-21 12:34:08,646 [Worker-19: Launching mavenrun-1eef0255-d860-4164-852d-6c5cd85ab1cc] INFO  o.eclipse.m2e.core.internal.Bundles - 	Entry: C:\Users\AnusreePT\Downloads\eclipse-java-2024-03-R-win32-x86_64\eclipse\plugins\org.eclipse.m2e.maven.runtime_3.9.600.20231203-1234\jars\jcl-over-slf4j-1.7.36.jar
2025-05-21 12:34:08,646 [Worker-19: Launching mavenrun-1eef0255-d860-4164-852d-6c5cd85ab1cc] INFO  o.eclipse.m2e.core.internal.Bundles - 	Entry: C:\Users\AnusreePT\Downloads\eclipse-java-2024-03-R-win32-x86_64\eclipse\plugins\org.eclipse.m2e.maven.runtime_3.9.600.20231203-1234\jars\maven-artifact-3.9.6.jar
2025-05-21 12:34:08,646 [Worker-19: Launching mavenrun-1eef0255-d860-4164-852d-6c5cd85ab1cc] INFO  o.eclipse.m2e.core.internal.Bundles - 	Entry: C:\Users\AnusreePT\Downloads\eclipse-java-2024-03-R-win32-x86_64\eclipse\plugins\org.eclipse.m2e.maven.runtime_3.9.600.20231203-1234\jars\maven-builder-support-3.9.6.jar
2025-05-21 12:34:08,646 [Worker-19: Launching mavenrun-1eef0255-d860-4164-852d-6c5cd85ab1cc] INFO  o.eclipse.m2e.core.internal.Bundles - 	Entry: C:\Users\AnusreePT\Downloads\eclipse-java-2024-03-R-win32-x86_64\eclipse\plugins\org.eclipse.m2e.maven.runtime_3.9.600.20231203-1234\jars\maven-compat-3.9.6.jar
2025-05-21 12:34:08,646 [Worker-19: Launching mavenrun-1eef0255-d860-4164-852d-6c5cd85ab1cc] INFO  o.eclipse.m2e.core.internal.Bundles - 	Entry: C:\Users\AnusreePT\Downloads\eclipse-java-2024-03-R-win32-x86_64\eclipse\plugins\org.eclipse.m2e.maven.runtime_3.9.600.20231203-1234\jars\maven-core-3.9.6.jar
2025-05-21 12:34:08,647 [Worker-19: Launching mavenrun-1eef0255-d860-4164-852d-6c5cd85ab1cc] INFO  o.eclipse.m2e.core.internal.Bundles - 	Entry: C:\Users\AnusreePT\Downloads\eclipse-java-2024-03-R-win32-x86_64\eclipse\plugins\org.eclipse.m2e.maven.runtime_3.9.600.20231203-1234\jars\maven-embedder-3.9.6.jar
2025-05-21 12:34:08,647 [Worker-19: Launching mavenrun-1eef0255-d860-4164-852d-6c5cd85ab1cc] INFO  o.eclipse.m2e.core.internal.Bundles - 	Entry: C:\Users\AnusreePT\Downloads\eclipse-java-2024-03-R-win32-x86_64\eclipse\plugins\org.eclipse.m2e.maven.runtime_3.9.600.20231203-1234\jars\maven-model-3.9.6.jar
2025-05-21 12:34:08,647 [Worker-19: Launching mavenrun-1eef0255-d860-4164-852d-6c5cd85ab1cc] INFO  o.eclipse.m2e.core.internal.Bundles - 	Entry: C:\Users\AnusreePT\Downloads\eclipse-java-2024-03-R-win32-x86_64\eclipse\plugins\org.eclipse.m2e.maven.runtime_3.9.600.20231203-1234\jars\maven-model-builder-3.9.6.jar
2025-05-21 12:34:08,647 [Worker-19: Launching mavenrun-1eef0255-d860-4164-852d-6c5cd85ab1cc] INFO  o.eclipse.m2e.core.internal.Bundles - 	Entry: C:\Users\AnusreePT\Downloads\eclipse-java-2024-03-R-win32-x86_64\eclipse\plugins\org.eclipse.m2e.maven.runtime_3.9.600.20231203-1234\jars\maven-plugin-api-3.9.6.jar
2025-05-21 12:34:08,647 [Worker-19: Launching mavenrun-1eef0255-d860-4164-852d-6c5cd85ab1cc] INFO  o.eclipse.m2e.core.internal.Bundles - 	Entry: C:\Users\AnusreePT\Downloads\eclipse-java-2024-03-R-win32-x86_64\eclipse\plugins\org.eclipse.m2e.maven.runtime_3.9.600.20231203-1234\jars\maven-repository-metadata-3.9.6.jar
2025-05-21 12:34:08,647 [Worker-19: Launching mavenrun-1eef0255-d860-4164-852d-6c5cd85ab1cc] INFO  o.eclipse.m2e.core.internal.Bundles - 	Entry: C:\Users\AnusreePT\Downloads\eclipse-java-2024-03-R-win32-x86_64\eclipse\plugins\org.eclipse.m2e.maven.runtime_3.9.600.20231203-1234\jars\maven-resolver-api-1.9.18.jar
2025-05-21 12:34:08,648 [Worker-19: Launching mavenrun-1eef0255-d860-4164-852d-6c5cd85ab1cc] INFO  o.eclipse.m2e.core.internal.Bundles - 	Entry: C:\Users\AnusreePT\Downloads\eclipse-java-2024-03-R-win32-x86_64\eclipse\plugins\org.eclipse.m2e.maven.runtime_3.9.600.20231203-1234\jars\maven-resolver-connector-basic-1.9.18.jar
2025-05-21 12:34:08,648 [Worker-19: Launching mavenrun-1eef0255-d860-4164-852d-6c5cd85ab1cc] INFO  o.eclipse.m2e.core.internal.Bundles - 	Entry: C:\Users\AnusreePT\Downloads\eclipse-java-2024-03-R-win32-x86_64\eclipse\plugins\org.eclipse.m2e.maven.runtime_3.9.600.20231203-1234\jars\maven-resolver-impl-1.9.18.jar
2025-05-21 12:34:08,648 [Worker-19: Launching mavenrun-1eef0255-d860-4164-852d-6c5cd85ab1cc] INFO  o.eclipse.m2e.core.internal.Bundles - 	Entry: C:\Users\AnusreePT\Downloads\eclipse-java-2024-03-R-win32-x86_64\eclipse\plugins\org.eclipse.m2e.maven.runtime_3.9.600.20231203-1234\jars\maven-resolver-named-locks-1.9.18.jar
2025-05-21 12:34:08,648 [Worker-19: Launching mavenrun-1eef0255-d860-4164-852d-6c5cd85ab1cc] INFO  o.eclipse.m2e.core.internal.Bundles - 	Entry: C:\Users\AnusreePT\Downloads\eclipse-java-2024-03-R-win32-x86_64\eclipse\plugins\org.eclipse.m2e.maven.runtime_3.9.600.20231203-1234\jars\maven-resolver-provider-3.9.6.jar
2025-05-21 12:34:08,648 [Worker-19: Launching mavenrun-1eef0255-d860-4164-852d-6c5cd85ab1cc] INFO  o.eclipse.m2e.core.internal.Bundles - 	Entry: C:\Users\AnusreePT\Downloads\eclipse-java-2024-03-R-win32-x86_64\eclipse\plugins\org.eclipse.m2e.maven.runtime_3.9.600.20231203-1234\jars\maven-resolver-spi-1.9.18.jar
2025-05-21 12:34:08,648 [Worker-19: Launching mavenrun-1eef0255-d860-4164-852d-6c5cd85ab1cc] INFO  o.eclipse.m2e.core.internal.Bundles - 	Entry: C:\Users\AnusreePT\Downloads\eclipse-java-2024-03-R-win32-x86_64\eclipse\plugins\org.eclipse.m2e.maven.runtime_3.9.600.20231203-1234\jars\maven-resolver-transport-file-1.9.18.jar
2025-05-21 12:34:08,648 [Worker-19: Launching mavenrun-1eef0255-d860-4164-852d-6c5cd85ab1cc] INFO  o.eclipse.m2e.core.internal.Bundles - 	Entry: C:\Users\AnusreePT\Downloads\eclipse-java-2024-03-R-win32-x86_64\eclipse\plugins\org.eclipse.m2e.maven.runtime_3.9.600.20231203-1234\jars\maven-resolver-transport-http-1.9.18.jar
2025-05-21 12:34:08,649 [Worker-19: Launching mavenrun-1eef0255-d860-4164-852d-6c5cd85ab1cc] INFO  o.eclipse.m2e.core.internal.Bundles - 	Entry: C:\Users\AnusreePT\Downloads\eclipse-java-2024-03-R-win32-x86_64\eclipse\plugins\org.eclipse.m2e.maven.runtime_3.9.600.20231203-1234\jars\maven-resolver-transport-wagon-1.9.18.jar
2025-05-21 12:34:08,649 [Worker-19: Launching mavenrun-1eef0255-d860-4164-852d-6c5cd85ab1cc] INFO  o.eclipse.m2e.core.internal.Bundles - 	Entry: C:\Users\AnusreePT\Downloads\eclipse-java-2024-03-R-win32-x86_64\eclipse\plugins\org.eclipse.m2e.maven.runtime_3.9.600.20231203-1234\jars\maven-resolver-util-1.9.18.jar
2025-05-21 12:34:08,649 [Worker-19: Launching mavenrun-1eef0255-d860-4164-852d-6c5cd85ab1cc] INFO  o.eclipse.m2e.core.internal.Bundles - 	Entry: C:\Users\AnusreePT\Downloads\eclipse-java-2024-03-R-win32-x86_64\eclipse\plugins\org.eclipse.m2e.maven.runtime_3.9.600.20231203-1234\jars\maven-settings-3.9.6.jar
2025-05-21 12:34:08,649 [Worker-19: Launching mavenrun-1eef0255-d860-4164-852d-6c5cd85ab1cc] INFO  o.eclipse.m2e.core.internal.Bundles - 	Entry: C:\Users\AnusreePT\Downloads\eclipse-java-2024-03-R-win32-x86_64\eclipse\plugins\org.eclipse.m2e.maven.runtime_3.9.600.20231203-1234\jars\maven-settings-builder-3.9.6.jar
2025-05-21 12:34:08,649 [Worker-19: Launching mavenrun-1eef0255-d860-4164-852d-6c5cd85ab1cc] INFO  o.eclipse.m2e.core.internal.Bundles - 	Entry: C:\Users\AnusreePT\Downloads\eclipse-java-2024-03-R-win32-x86_64\eclipse\plugins\org.eclipse.m2e.maven.runtime_3.9.600.20231203-1234\jars\maven-shared-utils-3.3.4.jar
2025-05-21 12:34:08,649 [Worker-19: Launching mavenrun-1eef0255-d860-4164-852d-6c5cd85ab1cc] INFO  o.eclipse.m2e.core.internal.Bundles - 	Entry: C:\Users\AnusreePT\Downloads\eclipse-java-2024-03-R-win32-x86_64\eclipse\plugins\org.eclipse.m2e.maven.runtime_3.9.600.20231203-1234\jars\org.eclipse.sisu.inject-0.9.0.M2.jar
2025-05-21 12:34:08,649 [Worker-19: Launching mavenrun-1eef0255-d860-4164-852d-6c5cd85ab1cc] INFO  o.eclipse.m2e.core.internal.Bundles - 	Entry: C:\Users\AnusreePT\Downloads\eclipse-java-2024-03-R-win32-x86_64\eclipse\plugins\org.eclipse.m2e.maven.runtime_3.9.600.20231203-1234\jars\org.eclipse.sisu.plexus-0.9.0.M2.jar
2025-05-21 12:34:08,650 [Worker-19: Launching mavenrun-1eef0255-d860-4164-852d-6c5cd85ab1cc] INFO  o.eclipse.m2e.core.internal.Bundles - 	Entry: C:\Users\AnusreePT\Downloads\eclipse-java-2024-03-R-win32-x86_64\eclipse\plugins\org.eclipse.m2e.maven.runtime_3.9.600.20231203-1234\jars\plexus-build-api-0.0.7.jar
2025-05-21 12:34:08,650 [Worker-19: Launching mavenrun-1eef0255-d860-4164-852d-6c5cd85ab1cc] INFO  o.eclipse.m2e.core.internal.Bundles - 	Entry: C:\Users\AnusreePT\Downloads\eclipse-java-2024-03-R-win32-x86_64\eclipse\plugins\org.eclipse.m2e.maven.runtime_3.9.600.20231203-1234\jars\plexus-cipher-2.0.jar
2025-05-21 12:34:08,650 [Worker-19: Launching mavenrun-1eef0255-d860-4164-852d-6c5cd85ab1cc] INFO  o.eclipse.m2e.core.internal.Bundles - 	Entry: C:\Users\AnusreePT\Downloads\eclipse-java-2024-03-R-win32-x86_64\eclipse\plugins\org.eclipse.m2e.maven.runtime_3.9.600.20231203-1234\jars\plexus-classworlds-2.7.0.jar
2025-05-21 12:34:08,650 [Worker-19: Launching mavenrun-1eef0255-d860-4164-852d-6c5cd85ab1cc] INFO  o.eclipse.m2e.core.internal.Bundles - 	Entry: C:\Users\AnusreePT\Downloads\eclipse-java-2024-03-R-win32-x86_64\eclipse\plugins\org.eclipse.m2e.maven.runtime_3.9.600.20231203-1234\jars\plexus-component-annotations-2.1.0.jar
2025-05-21 12:34:08,651 [Worker-19: Launching mavenrun-1eef0255-d860-4164-852d-6c5cd85ab1cc] INFO  o.eclipse.m2e.core.internal.Bundles - 	Entry: C:\Users\AnusreePT\Downloads\eclipse-java-2024-03-R-win32-x86_64\eclipse\plugins\org.eclipse.m2e.maven.runtime_3.9.600.20231203-1234\jars\plexus-interpolation-1.26.jar
2025-05-21 12:34:08,651 [Worker-19: Launching mavenrun-1eef0255-d860-4164-852d-6c5cd85ab1cc] INFO  o.eclipse.m2e.core.internal.Bundles - 	Entry: C:\Users\AnusreePT\Downloads\eclipse-java-2024-03-R-win32-x86_64\eclipse\plugins\org.eclipse.m2e.maven.runtime_3.9.600.20231203-1234\jars\plexus-sec-dispatcher-2.0.jar
2025-05-21 12:34:08,651 [Worker-19: Launching mavenrun-1eef0255-d860-4164-852d-6c5cd85ab1cc] INFO  o.eclipse.m2e.core.internal.Bundles - 	Entry: C:\Users\AnusreePT\Downloads\eclipse-java-2024-03-R-win32-x86_64\eclipse\plugins\org.eclipse.m2e.maven.runtime_3.9.600.20231203-1234\jars\plexus-utils-3.5.1.jar
2025-05-21 12:34:08,651 [Worker-19: Launching mavenrun-1eef0255-d860-4164-852d-6c5cd85ab1cc] INFO  o.eclipse.m2e.core.internal.Bundles - 	Entry: C:\Users\AnusreePT\Downloads\eclipse-java-2024-03-R-win32-x86_64\eclipse\plugins\org.eclipse.m2e.maven.runtime_3.9.600.20231203-1234\jars\wagon-file-3.5.3.jar
2025-05-21 12:34:08,651 [Worker-19: Launching mavenrun-1eef0255-d860-4164-852d-6c5cd85ab1cc] INFO  o.eclipse.m2e.core.internal.Bundles - 	Entry: C:\Users\AnusreePT\Downloads\eclipse-java-2024-03-R-win32-x86_64\eclipse\plugins\org.eclipse.m2e.maven.runtime_3.9.600.20231203-1234\jars\wagon-http-3.5.3.jar
2025-05-21 12:34:08,651 [Worker-19: Launching mavenrun-1eef0255-d860-4164-852d-6c5cd85ab1cc] INFO  o.eclipse.m2e.core.internal.Bundles - 	Entry: C:\Users\AnusreePT\Downloads\eclipse-java-2024-03-R-win32-x86_64\eclipse\plugins\org.eclipse.m2e.maven.runtime_3.9.600.20231203-1234\jars\wagon-http-shared-3.5.3.jar
2025-05-21 12:34:08,651 [Worker-19: Launching mavenrun-1eef0255-d860-4164-852d-6c5cd85ab1cc] INFO  o.eclipse.m2e.core.internal.Bundles - 	Entry: C:\Users\AnusreePT\Downloads\eclipse-java-2024-03-R-win32-x86_64\eclipse\plugins\org.eclipse.m2e.maven.runtime_3.9.600.20231203-1234\jars\wagon-provider-api-3.5.3.jar
2025-05-21 12:34:08,654 [Worker-19: Launching mavenrun-1eef0255-d860-4164-852d-6c5cd85ab1cc] INFO  o.eclipse.m2e.core.internal.Bundles - getClasspathEntries(Bundle=com.google.guava_33.0.0.jre [10])
2025-05-21 12:34:08,654 [Worker-19: Launching mavenrun-1eef0255-d860-4164-852d-6c5cd85ab1cc] INFO  o.eclipse.m2e.core.internal.Bundles - 	Entry: C:\Users\AnusreePT\Downloads\eclipse-java-2024-03-R-win32-x86_64\eclipse\plugins\com.google.guava_33.0.0.jre.jar
2025-05-21 12:34:08,654 [Worker-19: Launching mavenrun-1eef0255-d860-4164-852d-6c5cd85ab1cc] INFO  o.eclipse.m2e.core.internal.Bundles - getClasspathEntries(Bundle=slf4j.api_2.0.12 [522])
2025-05-21 12:34:08,656 [Worker-19: Launching mavenrun-1eef0255-d860-4164-852d-6c5cd85ab1cc] INFO  o.eclipse.m2e.core.internal.Bundles - 	Entry: C:\Users\AnusreePT\Downloads\eclipse-java-2024-03-R-win32-x86_64\eclipse\plugins\slf4j.api_2.0.12.jar
2025-05-21 12:34:08,656 [Worker-19: Launching mavenrun-1eef0255-d860-4164-852d-6c5cd85ab1cc] INFO  o.eclipse.m2e.core.internal.Bundles - getClasspathEntries(Bundle=jakarta.inject.jakarta.inject-api_1.0.5 [22])
2025-05-21 12:34:08,656 [Worker-19: Launching mavenrun-1eef0255-d860-4164-852d-6c5cd85ab1cc] INFO  o.eclipse.m2e.core.internal.Bundles - 	Entry: C:\Users\AnusreePT\Downloads\eclipse-java-2024-03-R-win32-x86_64\eclipse\plugins\jakarta.inject.jakarta.inject-api_1.0.5.jar
2025-05-21 12:34:08,656 [Worker-19: Launching mavenrun-1eef0255-d860-4164-852d-6c5cd85ab1cc] INFO  o.eclipse.m2e.core.internal.Bundles - getClasspathEntries(Bundle=jakarta.annotation-api_1.3.5 [20])
2025-05-21 12:34:08,656 [Worker-19: Launching mavenrun-1eef0255-d860-4164-852d-6c5cd85ab1cc] INFO  o.eclipse.m2e.core.internal.Bundles - 	Entry: C:\Users\AnusreePT\Downloads\eclipse-java-2024-03-R-win32-x86_64\eclipse\plugins\jakarta.annotation-api_1.3.5.jar
2025-05-21 12:34:08,656 [Worker-19: Launching mavenrun-1eef0255-d860-4164-852d-6c5cd85ab1cc] INFO  o.eclipse.m2e.core.internal.Bundles - getClasspathEntries(Bundle=org.apache.commons.cli_1.6.0 [46])
2025-05-21 12:34:08,657 [Worker-19: Launching mavenrun-1eef0255-d860-4164-852d-6c5cd85ab1cc] INFO  o.eclipse.m2e.core.internal.Bundles - 	Entry: C:\Users\AnusreePT\Downloads\eclipse-java-2024-03-R-win32-x86_64\eclipse\plugins\org.apache.commons.cli_1.6.0.jar
2025-05-21 12:34:08,657 [Worker-19: Launching mavenrun-1eef0255-d860-4164-852d-6c5cd85ab1cc] INFO  o.eclipse.m2e.core.internal.Bundles - getClasspathEntries(Bundle=org.apache.commons.commons-codec_1.16.0 [47])
2025-05-21 12:34:08,658 [Worker-19: Launching mavenrun-1eef0255-d860-4164-852d-6c5cd85ab1cc] INFO  o.eclipse.m2e.core.internal.Bundles - 	Entry: C:\Users\AnusreePT\Downloads\eclipse-java-2024-03-R-win32-x86_64\eclipse\plugins\org.apache.commons.commons-codec_1.16.0.jar
2025-05-21 12:34:08,658 [Worker-19: Launching mavenrun-1eef0255-d860-4164-852d-6c5cd85ab1cc] INFO  o.eclipse.m2e.core.internal.Bundles - getClasspathEntries(Bundle=org.apache.commons.lang3_3.14.0 [53])
2025-05-21 12:34:08,658 [Worker-19: Launching mavenrun-1eef0255-d860-4164-852d-6c5cd85ab1cc] INFO  o.eclipse.m2e.core.internal.Bundles - 	Entry: C:\Users\AnusreePT\Downloads\eclipse-java-2024-03-R-win32-x86_64\eclipse\plugins\org.apache.commons.lang3_3.14.0.jar
2025-05-21 12:34:08,658 [Worker-19: Launching mavenrun-1eef0255-d860-4164-852d-6c5cd85ab1cc] INFO  o.eclipse.m2e.core.internal.Bundles - getClasspathEntries(Bundle=com.google.guava.failureaccess_1.0.2 [11])
2025-05-21 12:34:08,659 [Worker-19: Launching mavenrun-1eef0255-d860-4164-852d-6c5cd85ab1cc] INFO  o.eclipse.m2e.core.internal.Bundles - 	Entry: C:\Users\AnusreePT\Downloads\eclipse-java-2024-03-R-win32-x86_64\eclipse\plugins\com.google.guava.failureaccess_1.0.2.jar
2025-05-21 12:34:08,667 [Worker-19: Launching mavenrun-1eef0255-d860-4164-852d-6c5cd85ab1cc] INFO  o.e.m.i.launch.MavenLaunchDelegate - Run build in "C:\Users\ANUSRE~1\AppData\Local\Temp\m2e-archetypeGenerator2861293415106259242":
2025-05-21 12:34:08,672 [Worker-19: Launching mavenrun-1eef0255-d860-4164-852d-6c5cd85ab1cc] INFO  o.e.m.i.launch.MavenLaunchDelegate -  mvn  -DarchetypeGroupId=org.apache.maven.archetypes -DarchetypeArtifactId=maven-archetype-quickstart -DarchetypeVersion=1.1 -DgroupId=TestGitProject -DartifactId=TestProject -Dversion=0.0.1-SNAPSHOT -Dpackage=TestGitProject.TestProject -DoutputDirectory=C:\Users\AnusreePT\eclipse-workspace\new -Dstyle.color=always -U archetype:generate
2025-05-21 12:34:43,464 [Worker-11: Creating maven-archetype-quickstart] INFO  o.e.m.c.i.p.ProjectConfigurationManager - Collecting project info '/pom.xml' C:\Users\AnusreePT\eclipse-workspace\new\TestProject\pom.xml
2025-05-21 12:34:45,226 [Worker-11: Creating maven-archetype-quickstart] INFO  o.e.m.c.i.l.LifecycleMappingFactory - Using org.eclipse.m2e.jdt.JarLifecycleMapping lifecycle mapping for MavenProject: TestGitProject:TestProject:0.0.1-SNAPSHOT @ C:\Users\AnusreePT\eclipse-workspace\new\TestProject\pom.xml.
2025-05-21 12:34:46,505 [Worker-11: Creating maven-archetype-quickstart] INFO  o.e.m.j.i.AbstractJavaProjectConfigurator - Adding source folder /TestProject/src/main/java
2025-05-21 12:34:46,506 [Worker-11: Creating maven-archetype-quickstart] INFO  o.e.m.j.i.AbstractJavaProjectConfigurator - Adding resource folder /TestProject/src/main/resources
2025-05-21 12:34:46,518 [Worker-11: Creating maven-archetype-quickstart] INFO  o.e.m.j.i.AbstractJavaProjectConfigurator - Adding source folder /TestProject/src/test/java
2025-05-21 12:34:46,520 [Worker-11: Creating maven-archetype-quickstart] INFO  o.e.m.j.i.AbstractJavaProjectConfigurator - Adding resource folder /TestProject/src/test/resources
2025-05-21 12:34:46,614 [Worker-11: Creating maven-archetype-quickstart] INFO  o.e.m.c.i.p.ProjectConfigurationManager - Imported and configured 1 project(s) in 3 sec
2025-05-21 12:34:46,965 [Worker-5: Building] INFO  o.a.m.s.f.DefaultMavenResourcesFiltering - skip non existing resourceDirectory C:\Users\AnusreePT\eclipse-workspace\new\TestProject\src\main\resources
2025-05-21 12:34:46,971 [Worker-5: Building] INFO  o.a.m.s.f.DefaultMavenResourcesFiltering - skip non existing resourceDirectory C:\Users\AnusreePT\eclipse-workspace\new\TestProject\src\test\resources
2025-05-21 12:36:31,137 [Worker-23: Building] INFO  o.e.m.c.i.l.LifecycleMappingFactory - Using org.eclipse.m2e.jdt.JarLifecycleMapping lifecycle mapping for MavenProject: TestGitProject:TestProject:0.0.1-SNAPSHOT @ C:\Users\AnusreePT\eclipse-workspace\new\TestProject\pom.xml.
2025-05-21 12:36:31,523 [Worker-23: Building] INFO  o.e.m.c.i.embedder.EclipseLogger - Using 'UTF-8' encoding to copy filtered resources.
2025-05-21 12:36:31,525 [Worker-23: Building] INFO  o.e.m.c.i.embedder.EclipseLogger - skip non existing resourceDirectory C:\Users\AnusreePT\eclipse-workspace\new\TestProject\src\main\resources
2025-05-21 12:36:31,526 [Worker-23: Building] INFO  o.e.m.c.i.embedder.EclipseLogger - Using 'UTF-8' encoding to copy filtered resources.
2025-05-21 12:36:31,526 [Worker-23: Building] INFO  o.e.m.c.i.embedder.EclipseLogger - skip non existing resourceDirectory C:\Users\AnusreePT\eclipse-workspace\new\TestProject\src\test\resources
2025-05-21 12:36:31,576 [Worker-5: Updating Maven Project] INFO  o.e.m.c.i.p.ProjectConfigurationManager - Update started
2025-05-21 12:36:31,637 [Worker-5: Updating Maven Project] INFO  o.e.m.c.i.l.LifecycleMappingFactory - Using org.eclipse.m2e.jdt.JarLifecycleMapping lifecycle mapping for MavenProject: TestGitProject:TestProject:0.0.1-SNAPSHOT @ C:\Users\AnusreePT\eclipse-workspace\new\TestProject\pom.xml.
2025-05-21 12:36:31,959 [Worker-5: Updating Maven Project] INFO  o.e.m.j.i.AbstractJavaProjectConfigurator - Adding source folder /TestProject/src/main/java
2025-05-21 12:36:31,960 [Worker-5: Updating Maven Project] INFO  o.e.m.j.i.AbstractJavaProjectConfigurator - Adding resource folder /TestProject/src/main/resources
2025-05-21 12:36:31,960 [Worker-5: Updating Maven Project] INFO  o.e.m.j.i.AbstractJavaProjectConfigurator - Adding source folder /TestProject/src/test/java
2025-05-21 12:36:31,961 [Worker-5: Updating Maven Project] INFO  o.e.m.j.i.AbstractJavaProjectConfigurator - Adding resource folder /TestProject/src/test/resources
2025-05-21 12:36:32,127 [Worker-5: Updating Maven Project] INFO  o.e.m.c.i.p.ProjectConfigurationManager - Update completed for 1 poms: local refresh takes 0.00 sec, refresh facades takes 0.00 sec, update config takes 0.00 sec 
2025-05-21 12:36:32,672 [Worker-27: Building] INFO  o.e.m.c.i.embedder.EclipseLogger - Using 'UTF-8' encoding to copy filtered resources.
2025-05-21 12:36:32,673 [Worker-27: Building] INFO  o.e.m.c.i.embedder.EclipseLogger - skip non existing resourceDirectory C:\Users\AnusreePT\eclipse-workspace\new\TestProject\src\main\resources
2025-05-21 12:36:32,675 [Worker-27: Building] INFO  o.e.m.c.i.embedder.EclipseLogger - Using 'UTF-8' encoding to copy filtered resources.
2025-05-21 12:36:32,675 [Worker-27: Building] INFO  o.e.m.c.i.embedder.EclipseLogger - skip non existing resourceDirectory C:\Users\AnusreePT\eclipse-workspace\new\TestProject\src\test\resources
2025-05-21 12:38:38,191 [Worker-26: Building] INFO  o.e.m.c.i.embedder.EclipseLogger - Using 'UTF-8' encoding to copy filtered resources.
2025-05-21 12:38:38,191 [Worker-26: Building] INFO  o.e.m.c.i.embedder.EclipseLogger - skip non existing resourceDirectory C:\Users\AnusreePT\eclipse-workspace\new\TestProject\src\main\resources
2025-05-21 12:38:38,194 [Worker-26: Building] INFO  o.e.m.c.i.embedder.EclipseLogger - Using 'UTF-8' encoding to copy filtered resources.
2025-05-21 12:38:38,194 [Worker-26: Building] INFO  o.e.m.c.i.embedder.EclipseLogger - skip non existing resourceDirectory C:\Users\AnusreePT\eclipse-workspace\new\TestProject\src\test\resources
2025-05-21 12:38:47,488 [Worker-5: Building] INFO  o.e.m.c.i.embedder.EclipseLogger - Using 'UTF-8' encoding to copy filtered resources.
2025-05-21 12:38:47,488 [Worker-5: Building] INFO  o.e.m.c.i.embedder.EclipseLogger - skip non existing resourceDirectory C:\Users\AnusreePT\eclipse-workspace\new\TestProject\src\main\resources
2025-05-21 12:38:47,490 [Worker-5: Building] INFO  o.e.m.c.i.embedder.EclipseLogger - Using 'UTF-8' encoding to copy filtered resources.
2025-05-21 12:38:47,490 [Worker-5: Building] INFO  o.e.m.c.i.embedder.EclipseLogger - skip non existing resourceDirectory C:\Users\AnusreePT\eclipse-workspace\new\TestProject\src\test\resources
2025-05-21 12:38:59,143 [Worker-23: Building] INFO  o.e.m.c.i.embedder.EclipseLogger - Using 'UTF-8' encoding to copy filtered resources.
2025-05-21 12:38:59,143 [Worker-23: Building] INFO  o.e.m.c.i.embedder.EclipseLogger - skip non existing resourceDirectory C:\Users\AnusreePT\eclipse-workspace\new\TestProject\src\main\resources
2025-05-21 12:38:59,146 [Worker-23: Building] INFO  o.e.m.c.i.embedder.EclipseLogger - Using 'UTF-8' encoding to copy filtered resources.
2025-05-21 12:38:59,146 [Worker-23: Building] INFO  o.e.m.c.i.embedder.EclipseLogger - skip non existing resourceDirectory C:\Users\AnusreePT\eclipse-workspace\new\TestProject\src\test\resources
2025-05-21 14:24:31,570 [Worker-29: Building] INFO  o.e.m.c.i.embedder.EclipseLogger - Using 'UTF-8' encoding to copy filtered resources.
2025-05-21 14:24:31,571 [Worker-29: Building] INFO  o.e.m.c.i.embedder.EclipseLogger - skip non existing resourceDirectory C:\Users\AnusreePT\eclipse-workspace\new\TestProject\src\main\resources
2025-05-21 14:24:31,574 [Worker-29: Building] INFO  o.e.m.c.i.embedder.EclipseLogger - Using 'UTF-8' encoding to copy filtered resources.
2025-05-21 14:24:31,574 [Worker-29: Building] INFO  o.e.m.c.i.embedder.EclipseLogger - skip non existing resourceDirectory C:\Users\AnusreePT\eclipse-workspace\new\TestProject\src\test\resources
2025-05-21 14:31:26,741 [Worker-30: Building] INFO  o.e.m.c.i.embedder.EclipseLogger - Using 'UTF-8' encoding to copy filtered resources.
2025-05-21 14:31:26,742 [Worker-30: Building] INFO  o.e.m.c.i.embedder.EclipseLogger - skip non existing resourceDirectory C:\Users\AnusreePT\eclipse-workspace\new\TestProject\src\main\resources
2025-05-21 14:31:26,745 [Worker-30: Building] INFO  o.e.m.c.i.embedder.EclipseLogger - Using 'UTF-8' encoding to copy filtered resources.
2025-05-21 14:31:26,745 [Worker-30: Building] INFO  o.e.m.c.i.embedder.EclipseLogger - skip non existing resourceDirectory C:\Users\AnusreePT\eclipse-workspace\new\TestProject\src\test\resources
2025-05-22 10:06:14,620 [Worker-6: Loading available Gradle versions] INFO  o.e.b.c.i.u.g.PublishedGradleVersions - Gradle version information cache is up-to-date. Trying to read.
2025-05-22 14:54:12,205 [Worker-33: Building] INFO  o.e.m.c.i.embedder.EclipseLogger - Using 'UTF-8' encoding to copy filtered resources.
2025-05-22 14:54:12,209 [Worker-33: Building] INFO  o.e.m.c.i.embedder.EclipseLogger - skip non existing resourceDirectory C:\Users\AnusreePT\eclipse-workspace\new\TestProject\src\main\resources
2025-05-22 14:54:12,213 [Worker-33: Building] INFO  o.e.m.c.i.embedder.EclipseLogger - Using 'UTF-8' encoding to copy filtered resources.
2025-05-22 14:54:12,214 [Worker-33: Building] INFO  o.e.m.c.i.embedder.EclipseLogger - skip non existing resourceDirectory C:\Users\AnusreePT\eclipse-workspace\new\TestProject\src\test\resources
2025-05-22 17:16:35,774 [Worker-40: Building] INFO  o.e.m.c.i.embedder.EclipseLogger - Using 'UTF-8' encoding to copy filtered resources.
2025-05-22 17:16:35,774 [Worker-40: Building] INFO  o.e.m.c.i.embedder.EclipseLogger - skip non existing resourceDirectory C:\Users\AnusreePT\eclipse-workspace\new\TestProject\src\main\resources
2025-05-22 17:16:35,777 [Worker-40: Building] INFO  o.e.m.c.i.embedder.EclipseLogger - Using 'UTF-8' encoding to copy filtered resources.
2025-05-22 17:16:35,777 [Worker-40: Building] INFO  o.e.m.c.i.embedder.EclipseLogger - skip non existing resourceDirectory C:\Users\AnusreePT\eclipse-workspace\new\TestProject\src\test\resources
2025-05-22 17:32:06,543 [Worker-42: Building] INFO  o.e.m.c.i.embedder.EclipseLogger - Using 'UTF-8' encoding to copy filtered resources.
2025-05-22 17:32:06,543 [Worker-42: Building] INFO  o.e.m.c.i.embedder.EclipseLogger - skip non existing resourceDirectory C:\Users\AnusreePT\eclipse-workspace\new\TestProject\src\main\resources
2025-05-22 17:32:06,546 [Worker-42: Building] INFO  o.e.m.c.i.embedder.EclipseLogger - Using 'UTF-8' encoding to copy filtered resources.
2025-05-22 17:32:06,546 [Worker-42: Building] INFO  o.e.m.c.i.embedder.EclipseLogger - skip non existing resourceDirectory C:\Users\AnusreePT\eclipse-workspace\new\TestProject\src\test\resources
2025-05-22 17:33:00,329 [Worker-36: Building] INFO  o.e.m.c.i.embedder.EclipseLogger - Using 'UTF-8' encoding to copy filtered resources.
2025-05-22 17:33:00,330 [Worker-36: Building] INFO  o.e.m.c.i.embedder.EclipseLogger - skip non existing resourceDirectory C:\Users\AnusreePT\eclipse-workspace\new\TestProject\src\main\resources
2025-05-22 17:33:00,333 [Worker-36: Building] INFO  o.e.m.c.i.embedder.EclipseLogger - Using 'UTF-8' encoding to copy filtered resources.
2025-05-22 17:33:00,333 [Worker-36: Building] INFO  o.e.m.c.i.embedder.EclipseLogger - skip non existing resourceDirectory C:\Users\AnusreePT\eclipse-workspace\new\TestProject\src\test\resources
2025-05-22 17:44:26,642 [Worker-36: Building] ERROR o.e.m.c.i.p.r.ProjectRegistryManager - File not found: C:\Users\AnusreePT\eclipse-workspace\new\TestProject\pom.xml.
org.eclipse.core.internal.resources.ResourceException: File not found: C:\Users\AnusreePT\eclipse-workspace\new\TestProject\pom.xml.
	at org.eclipse.core.internal.localstore.FileSystemResourceManager.read(FileSystemResourceManager.java:877)
	at org.eclipse.core.internal.resources.File.getContents(File.java:299)
	at org.eclipse.core.internal.resources.File.getContents(File.java:290)
	at org.eclipse.m2e.core.internal.project.registry.ProjectRegistryManager.refreshPhase2(ProjectRegistryManager.java:585)
	at org.eclipse.m2e.core.internal.project.registry.ProjectRegistryManager.refresh(ProjectRegistryManager.java:487)
	at org.eclipse.m2e.core.internal.project.registry.ProjectRegistryManager.refresh(ProjectRegistryManager.java:366)
	at org.eclipse.m2e.core.internal.project.registry.ProjectRegistryManager.refresh(ProjectRegistryManager.java:318)
	at org.eclipse.m2e.core.internal.builder.MavenBuilder$BuildMethod.getProjectFacade(MavenBuilder.java:146)
	at org.eclipse.m2e.core.internal.builder.MavenBuilder$BuildMethod.lambda$0(MavenBuilder.java:84)
	at org.eclipse.m2e.core.internal.embedder.MavenExecutionContext.executeBare(MavenExecutionContext.java:458)
	at org.eclipse.m2e.core.internal.embedder.MavenExecutionContext.execute(MavenExecutionContext.java:339)
	at org.eclipse.m2e.core.internal.embedder.MavenExecutionContext.execute(MavenExecutionContext.java:278)
	at org.eclipse.m2e.core.internal.builder.MavenBuilder$BuildMethod.execute(MavenBuilder.java:83)
	at org.eclipse.m2e.core.internal.builder.MavenBuilder.build(MavenBuilder.java:192)
	at org.eclipse.core.internal.events.BuildManager$2.run(BuildManager.java:1077)
	at org.eclipse.core.runtime.SafeRunner.run(SafeRunner.java:47)
	at org.eclipse.core.internal.events.BuildManager.basicBuild(BuildManager.java:296)
	at org.eclipse.core.internal.events.BuildManager.basicBuild(BuildManager.java:352)
	at org.eclipse.core.internal.events.BuildManager$1.run(BuildManager.java:441)
	at org.eclipse.core.runtime.SafeRunner.run(SafeRunner.java:47)
	at org.eclipse.core.internal.events.BuildManager.basicBuild(BuildManager.java:444)
	at org.eclipse.core.internal.events.BuildManager.basicBuildLoop(BuildManager.java:555)
	at org.eclipse.core.internal.events.BuildManager.basicBuildLoop(BuildManager.java:503)
	at org.eclipse.core.internal.events.BuildManager.build(BuildManager.java:585)
	at org.eclipse.core.internal.events.AutoBuildJob.doBuild(AutoBuildJob.java:207)
	at org.eclipse.core.internal.events.AutoBuildJob.run(AutoBuildJob.java:300)
	at org.eclipse.core.internal.jobs.Worker.run(Worker.java:63)
Caused by: java.lang.Exception: File not found: C:\Users\AnusreePT\eclipse-workspace\new\TestProject\pom.xml.
	at org.eclipse.core.internal.resources.ResourceException.provideStackTrace(ResourceException.java:42)
	at org.eclipse.core.internal.resources.ResourceException.<init>(ResourceException.java:38)
	... 27 common frames omitted
2025-05-23 10:21:23,749 [Worker-1: Loading available Gradle versions] INFO  o.e.b.c.i.u.g.PublishedGradleVersions - Gradle version information cache is out-of-date. Trying to update.
2025-05-23 12:20:07,546 [Worker-24: Importing Maven projects] INFO  o.e.m.c.i.l.LifecycleMappingFactory - Using org.eclipse.m2e.jdt.JarLifecycleMapping lifecycle mapping for MavenProject: TestGitProject:TestProject:0.0.1-SNAPSHOT @ C:\Users\AnusreePT\eclipse-workspace\new\TestProject\pom.xml.
2025-05-23 12:20:14,225 [Worker-24: Importing Maven projects] INFO  o.e.m.j.i.AbstractJavaProjectConfigurator - Adding source folder /TestProject/src/main/java
2025-05-23 12:20:14,227 [Worker-24: Importing Maven projects] INFO  o.e.m.j.i.AbstractJavaProjectConfigurator - Adding resource folder /TestProject/src/main/resources
2025-05-23 12:20:14,228 [Worker-24: Importing Maven projects] INFO  o.e.m.j.i.AbstractJavaProjectConfigurator - Adding source folder /TestProject/src/test/java
2025-05-23 12:20:14,229 [Worker-24: Importing Maven projects] INFO  o.e.m.j.i.AbstractJavaProjectConfigurator - Adding resource folder /TestProject/src/test/resources
2025-05-23 12:20:14,342 [Worker-24: Importing Maven projects] INFO  o.e.m.c.i.p.ProjectConfigurationManager - Imported and configured 1 project(s) in 15 sec
2025-05-23 12:20:14,579 [Worker-24: Updating Maven Project] INFO  o.e.m.c.i.p.ProjectConfigurationManager - Update started
2025-05-23 12:20:15,098 [Worker-24: Updating Maven Project] INFO  o.e.m.c.i.l.LifecycleMappingFactory - Using org.eclipse.m2e.jdt.JarLifecycleMapping lifecycle mapping for MavenProject: TestGitProject:TestProject:0.0.1-SNAPSHOT @ C:\Users\AnusreePT\eclipse-workspace\new\TestProject\pom.xml.
2025-05-23 12:20:15,539 [Worker-24: Updating Maven Project] INFO  o.e.m.j.i.AbstractJavaProjectConfigurator - Adding source folder /TestProject/src/main/java
2025-05-23 12:20:15,540 [Worker-24: Updating Maven Project] INFO  o.e.m.j.i.AbstractJavaProjectConfigurator - Adding resource folder /TestProject/src/main/resources
2025-05-23 12:20:15,540 [Worker-24: Updating Maven Project] INFO  o.e.m.j.i.AbstractJavaProjectConfigurator - Adding source folder /TestProject/src/test/java
2025-05-23 12:20:15,541 [Worker-24: Updating Maven Project] INFO  o.e.m.j.i.AbstractJavaProjectConfigurator - Adding resource folder /TestProject/src/test/resources
2025-05-23 12:20:15,709 [Worker-24: Updating Maven Project] INFO  o.e.m.c.i.p.ProjectConfigurationManager - Update completed for 1 poms: local refresh takes 0.00 sec, refresh facades takes 0.00 sec, update config takes 0.00 sec 
2025-05-23 12:20:16,022 [Worker-30: Building] INFO  o.e.m.c.i.embedder.EclipseLogger - Using 'UTF-8' encoding to copy filtered resources.
2025-05-23 12:20:16,022 [Worker-30: Building] INFO  o.e.m.c.i.embedder.EclipseLogger - skip non existing resourceDirectory C:\Users\AnusreePT\eclipse-workspace\new\TestProject\src\main\resources
2025-05-23 12:20:16,026 [Worker-30: Building] INFO  o.e.m.c.i.embedder.EclipseLogger - Using 'UTF-8' encoding to copy filtered resources.
2025-05-23 12:20:16,026 [Worker-30: Building] INFO  o.e.m.c.i.embedder.EclipseLogger - skip non existing resourceDirectory C:\Users\AnusreePT\eclipse-workspace\new\TestProject\src\test\resources
2025-05-23 12:21:03,585 [Worker-27: Building] INFO  o.e.m.c.i.embedder.EclipseLogger - Using 'UTF-8' encoding to copy filtered resources.
2025-05-23 12:21:03,585 [Worker-27: Building] INFO  o.e.m.c.i.embedder.EclipseLogger - skip non existing resourceDirectory C:\Users\AnusreePT\eclipse-workspace\new\TestProject\src\main\resources
2025-05-23 12:21:03,588 [Worker-27: Building] INFO  o.e.m.c.i.embedder.EclipseLogger - Using 'UTF-8' encoding to copy filtered resources.
2025-05-23 12:21:03,589 [Worker-27: Building] INFO  o.e.m.c.i.embedder.EclipseLogger - skip non existing resourceDirectory C:\Users\AnusreePT\eclipse-workspace\new\TestProject\src\test\resources
